<?xml version="1.0" encoding="UTF-8"?>
<TestRun id="42173607-d695-4f40-bad5-e3cd9fa83fce" name="Philip@PHILIP-PC 2012-02-21 18:24:22" runUser="Philip-PC\Philip" xmlns="http://microsoft.com/schemas/VisualStudio/TeamTest/2010">
  <TestSettings name="Local" id="4f2c2da6-35aa-4cf6-bcf3-6e412df89a58">
    <Description>These are default test settings for a local test run.</Description>
    <Deployment enabled="false" runDeploymentRoot="Philip_PHILIP-PC 2012-02-21 18_24_22">
      <DeploymentItem filename="C:\Users\Philip\documents\visual studio 2010\Projects\Bamboozled\Bamboozled\Bamboozled\bin\x86\Debug\Bamboozled.exe" />
    </Deployment>
    <Execution>
      <TestTypeSpecific />
      <AgentRule name="Execution Agents">
      </AgentRule>
    </Execution>
  </TestSettings>
  <Times creation="2012-02-21T18:24:22.0709367-06:00" queuing="2012-02-21T18:24:23.0809944-06:00" start="2012-02-21T18:24:23.2570045-06:00" finish="2012-02-21T18:24:26.9043768-06:00" />
  <ResultSummary outcome="Failed">
    <Counters total="7" executed="7" passed="1" error="0" failed="2" timeout="0" aborted="0" inconclusive="4" passedButRunAborted="0" notRunnable="0" notExecuted="0" disconnected="0" warning="0" completed="0" inProgress="0" pending="0" />
    <RunInfos>
      <RunInfo computerName="PHILIP-PC" outcome="Warning" timestamp="2012-02-21T18:24:22.1289400-06:00">
        <Text>Deployment is currently disabled. The deployment item 'Bamboozled.exe' on test 'BamboozledTest.PlayerTest.PlayerConstructorTest' was not deployed.</Text>
      </RunInfo>
    </RunInfos>
  </ResultSummary>
  <TestDefinitions>
    <UnitTest name="PlayerConstructorTest" storage="c:\users\philip\documents\visual studio 2010\projects\bamboozled\bamboozledtest\bin\debug\bamboozledtest.dll" id="be9afbd6-4cf0-35aa-db2f-e9c0c258fb09">
      <DeploymentItems>
        <DeploymentItem filename="Bamboozled.exe" />
      </DeploymentItems>
      <Execution id="a7d1c1e3-77a4-42e8-8656-4e97b082cbb7" />
      <TestMethod codeBase="C:/Users/Philip/documents/visual studio 2010/Projects/Bamboozled/BamboozledTest/bin/Debug/BamboozledTest.DLL" adapterTypeName="Microsoft.VisualStudio.TestTools.TestTypes.Unit.UnitTestAdapter, Microsoft.VisualStudio.QualityTools.Tips.UnitTest.Adapter, Version=10.0.0.0, Culture=neutral, PublicKeyToken=b03f5f7f11d50a3a" className="BamboozledTest.PlayerTest, BamboozledTest, Version=1.0.0.0, Culture=neutral, PublicKeyToken=null" name="PlayerConstructorTest" />
    </UnitTest>
    <UnitTest name="GameplayConstructorTest" storage="c:\users\philip\documents\visual studio 2010\projects\bamboozled\bamboozledtest\bin\debug\bamboozledtest.dll" id="cada89c1-7275-7fd3-acbb-d8d35532583a">
      <Execution id="7659e8bb-f69b-4981-9051-5525b820baee" />
      <TestMethod codeBase="C:/Users/Philip/documents/visual studio 2010/Projects/Bamboozled/BamboozledTest/bin/Debug/BamboozledTest.DLL" adapterTypeName="Microsoft.VisualStudio.TestTools.TestTypes.Unit.UnitTestAdapter, Microsoft.VisualStudio.QualityTools.Tips.UnitTest.Adapter, Version=10.0.0.0, Culture=neutral, PublicKeyToken=b03f5f7f11d50a3a" className="BamboozledTest.GameplayTest, BamboozledTest, Version=1.0.0.0, Culture=neutral, PublicKeyToken=null" name="GameplayConstructorTest" />
    </UnitTest>
    <UnitTest name="getKeyboardInputTest" storage="c:\users\philip\documents\visual studio 2010\projects\bamboozled\bamboozledtest\bin\debug\bamboozledtest.dll" id="75e2e38d-91a1-65dd-7409-15acf4dce007">
      <Execution id="7a75d864-ff02-4c70-9322-35f9f3965b95" />
      <TestMethod codeBase="C:/Users/Philip/documents/visual studio 2010/Projects/Bamboozled/BamboozledTest/bin/Debug/BamboozledTest.DLL" adapterTypeName="Microsoft.VisualStudio.TestTools.TestTypes.Unit.UnitTestAdapter, Microsoft.VisualStudio.QualityTools.Tips.UnitTest.Adapter, Version=10.0.0.0, Culture=neutral, PublicKeyToken=b03f5f7f11d50a3a" className="BamboozledTest.BamboozledTest, BamboozledTest, Version=1.0.0.0, Culture=neutral, PublicKeyToken=null" name="getKeyboardInputTest" />
    </UnitTest>
    <UnitTest name="UpdateTest" storage="c:\users\philip\documents\visual studio 2010\projects\bamboozled\bamboozledtest\bin\debug\bamboozledtest.dll" id="bf54fb2b-6ada-7178-dc4b-4731bf1e78c4">
      <Execution id="9084c08e-bdb1-482b-8b20-e10d14fc2950" />
      <TestMethod codeBase="C:/Users/Philip/documents/visual studio 2010/Projects/Bamboozled/BamboozledTest/bin/Debug/BamboozledTest.DLL" adapterTypeName="Microsoft.VisualStudio.TestTools.TestTypes.Unit.UnitTestAdapter, Microsoft.VisualStudio.QualityTools.Tips.UnitTest.Adapter, Version=10.0.0.0, Culture=neutral, PublicKeyToken=b03f5f7f11d50a3a" className="BamboozledTest.GameplayTest, BamboozledTest, Version=1.0.0.0, Culture=neutral, PublicKeyToken=null" name="UpdateTest" />
    </UnitTest>
    <UnitTest name="InitializeTest" storage="c:\users\philip\documents\visual studio 2010\projects\bamboozled\bamboozledtest\bin\debug\bamboozledtest.dll" id="faecfc7b-fb7e-6599-d3eb-66edad66be60">
      <Execution id="f3bfe9dc-4c02-49fe-a7be-5acb7750dde1" />
      <TestMethod codeBase="C:/Users/Philip/documents/visual studio 2010/Projects/Bamboozled/BamboozledTest/bin/Debug/BamboozledTest.DLL" adapterTypeName="Microsoft.VisualStudio.TestTools.TestTypes.Unit.UnitTestAdapter, Microsoft.VisualStudio.QualityTools.Tips.UnitTest.Adapter, Version=10.0.0.0, Culture=neutral, PublicKeyToken=b03f5f7f11d50a3a" className="BamboozledTest.GameplayTest, BamboozledTest, Version=1.0.0.0, Culture=neutral, PublicKeyToken=null" name="InitializeTest" />
    </UnitTest>
    <UnitTest name="MainTest" storage="c:\users\philip\documents\visual studio 2010\projects\bamboozled\bamboozledtest\bin\debug\bamboozledtest.dll" id="a671e152-7f34-8990-9c96-43b7fc04d9c5">
      <DeploymentItems>
        <DeploymentItem filename="Bamboozled.exe" />
      </DeploymentItems>
      <Execution id="ec160422-bf9a-4b3d-b19d-b3357fd37da6" />
      <TestMethod codeBase="C:/Users/Philip/documents/visual studio 2010/Projects/Bamboozled/BamboozledTest/bin/Debug/BamboozledTest.DLL" adapterTypeName="Microsoft.VisualStudio.TestTools.TestTypes.Unit.UnitTestAdapter, Microsoft.VisualStudio.QualityTools.Tips.UnitTest.Adapter, Version=10.0.0.0, Culture=neutral, PublicKeyToken=b03f5f7f11d50a3a" className="BamboozledTest.ProgramTest, BamboozledTest, Version=1.0.0.0, Culture=neutral, PublicKeyToken=null" name="MainTest" />
    </UnitTest>
    <UnitTest name="TestMethod1" storage="c:\users\philip\documents\visual studio 2010\projects\bamboozled\bamboozledtest\bin\debug\bamboozledtest.dll" id="0e9ce485-1164-c1e9-2c49-622d0ffc2139">
      <Execution id="77837f06-5ed4-4c21-a3fd-a88c52607165" />
      <TestMethod codeBase="C:/Users/Philip/documents/visual studio 2010/Projects/Bamboozled/BamboozledTest/bin/Debug/BamboozledTest.DLL" adapterTypeName="Microsoft.VisualStudio.TestTools.TestTypes.Unit.UnitTestAdapter, Microsoft.VisualStudio.QualityTools.Tips.UnitTest.Adapter, Version=10.0.0.0, Culture=neutral, PublicKeyToken=b03f5f7f11d50a3a" className="BamboozledTest.PlayerTest, BamboozledTest, Version=1.0.0.0, Culture=neutral, PublicKeyToken=null" name="TestMethod1" />
    </UnitTest>
  </TestDefinitions>
  <TestLists>
    <TestList name="Results Not in a List" id="8c84fa94-04c1-424b-9868-57a2d4851a1d" />
    <TestList name="All Loaded Results" id="19431567-8539-422a-85d7-44ee4e166bda" />
  </TestLists>
  <TestEntries>
    <TestEntry testId="0e9ce485-1164-c1e9-2c49-622d0ffc2139" executionId="77837f06-5ed4-4c21-a3fd-a88c52607165" testListId="8c84fa94-04c1-424b-9868-57a2d4851a1d" />
    <TestEntry testId="be9afbd6-4cf0-35aa-db2f-e9c0c258fb09" executionId="a7d1c1e3-77a4-42e8-8656-4e97b082cbb7" testListId="8c84fa94-04c1-424b-9868-57a2d4851a1d" />
    <TestEntry testId="75e2e38d-91a1-65dd-7409-15acf4dce007" executionId="7a75d864-ff02-4c70-9322-35f9f3965b95" testListId="8c84fa94-04c1-424b-9868-57a2d4851a1d" />
    <TestEntry testId="cada89c1-7275-7fd3-acbb-d8d35532583a" executionId="7659e8bb-f69b-4981-9051-5525b820baee" testListId="8c84fa94-04c1-424b-9868-57a2d4851a1d" />
    <TestEntry testId="faecfc7b-fb7e-6599-d3eb-66edad66be60" executionId="f3bfe9dc-4c02-49fe-a7be-5acb7750dde1" testListId="8c84fa94-04c1-424b-9868-57a2d4851a1d" />
    <TestEntry testId="bf54fb2b-6ada-7178-dc4b-4731bf1e78c4" executionId="9084c08e-bdb1-482b-8b20-e10d14fc2950" testListId="8c84fa94-04c1-424b-9868-57a2d4851a1d" />
    <TestEntry testId="a671e152-7f34-8990-9c96-43b7fc04d9c5" executionId="ec160422-bf9a-4b3d-b19d-b3357fd37da6" testListId="8c84fa94-04c1-424b-9868-57a2d4851a1d" />
  </TestEntries>
  <Results>
    <UnitTestResult executionId="77837f06-5ed4-4c21-a3fd-a88c52607165" testId="0e9ce485-1164-c1e9-2c49-622d0ffc2139" testName="TestMethod1" computerName="PHILIP-PC" duration="00:00:00.0092838" startTime="2012-02-21T18:24:23.2570045-06:00" endTime="2012-02-21T18:24:23.5282096-06:00" testType="13cdc9d9-ddb5-4fa4-a97d-d965ccfc6d4b" outcome="Passed" testListId="8c84fa94-04c1-424b-9868-57a2d4851a1d" relativeResultsDirectory="77837f06-5ed4-4c21-a3fd-a88c52607165">
    </UnitTestResult>
    <UnitTestResult executionId="a7d1c1e3-77a4-42e8-8656-4e97b082cbb7" testId="be9afbd6-4cf0-35aa-db2f-e9c0c258fb09" testName="PlayerConstructorTest" computerName="PHILIP-PC" duration="00:00:00.0193686" startTime="2012-02-21T18:24:23.5282096-06:00" endTime="2012-02-21T18:24:23.5594097-06:00" testType="13cdc9d9-ddb5-4fa4-a97d-d965ccfc6d4b" outcome="Inconclusive" testListId="8c84fa94-04c1-424b-9868-57a2d4851a1d" relativeResultsDirectory="a7d1c1e3-77a4-42e8-8656-4e97b082cbb7">
      <Output>
        <ErrorInfo>
          <Message>Assert.Inconclusive failed. TODO: Implement code to verify target</Message>
          <StackTrace>   at BamboozledTest.PlayerTest.PlayerConstructorTest() in C:\Users\Philip\documents\visual studio 2010\Projects\Bamboozled\BamboozledTest\PlayerTest.cs:line 26
</StackTrace>
        </ErrorInfo>
      </Output>
    </UnitTestResult>
    <UnitTestResult executionId="7a75d864-ff02-4c70-9322-35f9f3965b95" testId="75e2e38d-91a1-65dd-7409-15acf4dce007" testName="getKeyboardInputTest" computerName="PHILIP-PC" duration="00:00:00.0334254" startTime="2012-02-21T18:24:23.5594097-06:00" endTime="2012-02-21T18:24:23.5906097-06:00" testType="13cdc9d9-ddb5-4fa4-a97d-d965ccfc6d4b" outcome="Failed" testListId="8c84fa94-04c1-424b-9868-57a2d4851a1d" relativeResultsDirectory="7a75d864-ff02-4c70-9322-35f9f3965b95">
      <Output>
        <ErrorInfo>
          <Message>Test method BamboozledTest.BamboozledTest.getKeyboardInputTest threw exception: 
System.NotImplementedException: The method or operation is not implemented.</Message>
          <StackTrace>    at Bamboozled.Bamboozled.getKeyboardInput() in C:\Users\Philip\documents\visual studio 2010\Projects\Bamboozled\Bamboozled\Bamboozled\Bamboozled.cs:line 100
   at BamboozledTest.BamboozledTest.getKeyboardInputTest() in C:\Users\Philip\documents\visual studio 2010\Projects\Bamboozled\BamboozledTest\BamboozledTest.cs:line 19
</StackTrace>
        </ErrorInfo>
      </Output>
    </UnitTestResult>
    <UnitTestResult executionId="7659e8bb-f69b-4981-9051-5525b820baee" testId="cada89c1-7275-7fd3-acbb-d8d35532583a" testName="GameplayConstructorTest" computerName="PHILIP-PC" duration="00:00:00.0012518" startTime="2012-02-21T18:24:23.6062098-06:00" endTime="2012-02-21T18:24:23.6062098-06:00" testType="13cdc9d9-ddb5-4fa4-a97d-d965ccfc6d4b" outcome="Inconclusive" testListId="8c84fa94-04c1-424b-9868-57a2d4851a1d" relativeResultsDirectory="7659e8bb-f69b-4981-9051-5525b820baee">
      <Output>
        <ErrorInfo>
          <Message>Assert.Inconclusive failed. TODO: Implement code to verify target</Message>
          <StackTrace>   at BamboozledTest.GameplayTest.GameplayConstructorTest() in C:\Users\Philip\documents\visual studio 2010\Projects\Bamboozled\BamboozledTest\GameplayTest.cs:line 76
</StackTrace>
        </ErrorInfo>
      </Output>
    </UnitTestResult>
    <UnitTestResult executionId="f3bfe9dc-4c02-49fe-a7be-5acb7750dde1" testId="faecfc7b-fb7e-6599-d3eb-66edad66be60" testName="InitializeTest" computerName="PHILIP-PC" duration="00:00:00.0189409" startTime="2012-02-21T18:24:23.6062098-06:00" endTime="2012-02-21T18:24:23.6374098-06:00" testType="13cdc9d9-ddb5-4fa4-a97d-d965ccfc6d4b" outcome="Failed" testListId="8c84fa94-04c1-424b-9868-57a2d4851a1d" relativeResultsDirectory="f3bfe9dc-4c02-49fe-a7be-5acb7750dde1">
      <Output>
        <ErrorInfo>
          <Message>Test method BamboozledTest.GameplayTest.InitializeTest threw exception: 
System.NullReferenceException: Object reference not set to an instance of an object.</Message>
          <StackTrace>    at Microsoft.Xna.Framework.DrawableGameComponent.Initialize()
   at Bamboozled.Gameplay.Initialize() in C:\Users\Philip\documents\visual studio 2010\Projects\Bamboozled\Bamboozled\Bamboozled\Gameplay.cs:line 34
   at BamboozledTest.GameplayTest.InitializeTest() in C:\Users\Philip\documents\visual studio 2010\Projects\Bamboozled\BamboozledTest\GameplayTest.cs:line 87
</StackTrace>
        </ErrorInfo>
      </Output>
    </UnitTestResult>
    <UnitTestResult executionId="9084c08e-bdb1-482b-8b20-e10d14fc2950" testId="bf54fb2b-6ada-7178-dc4b-4731bf1e78c4" testName="UpdateTest" computerName="PHILIP-PC" duration="00:00:00.0007501" startTime="2012-02-21T18:24:23.6374098-06:00" endTime="2012-02-21T18:24:23.6374098-06:00" testType="13cdc9d9-ddb5-4fa4-a97d-d965ccfc6d4b" outcome="Inconclusive" testListId="8c84fa94-04c1-424b-9868-57a2d4851a1d" relativeResultsDirectory="9084c08e-bdb1-482b-8b20-e10d14fc2950">
      <Output>
        <ErrorInfo>
          <Message>Assert.Inconclusive failed. A method that does not return a value cannot be verified.</Message>
          <StackTrace>   at BamboozledTest.GameplayTest.UpdateTest() in C:\Users\Philip\documents\visual studio 2010\Projects\Bamboozled\BamboozledTest\GameplayTest.cs:line 101
</StackTrace>
        </ErrorInfo>
      </Output>
    </UnitTestResult>
    <UnitTestResult executionId="ec160422-bf9a-4b3d-b19d-b3357fd37da6" testId="a671e152-7f34-8990-9c96-43b7fc04d9c5" testName="MainTest" computerName="PHILIP-PC" duration="00:00:03.1214080" startTime="2012-02-21T18:24:23.6374098-06:00" endTime="2012-02-21T18:24:26.7639765-06:00" testType="13cdc9d9-ddb5-4fa4-a97d-d965ccfc6d4b" outcome="Inconclusive" testListId="8c84fa94-04c1-424b-9868-57a2d4851a1d" relativeResultsDirectory="ec160422-bf9a-4b3d-b19d-b3357fd37da6">
      <Output>
        <ErrorInfo>
          <Message>Assert.Inconclusive failed. A method that does not return a value cannot be verified.</Message>
          <StackTrace>   at BamboozledTest.ProgramTest.MainTest() in C:\Users\Philip\documents\visual studio 2010\Projects\Bamboozled\BamboozledTest\ProgramTest.cs:line 76
</StackTrace>
        </ErrorInfo>
      </Output>
    </UnitTestResult>
  </Results>
</TestRun>